<?xml version="1.0" encoding="UTF-8"?>
<!-- Generated by org.testng.reporters.JUnitReportReporter -->
<testsuite hostname="DESKTOP-AAST417" name="Malware.WebApplication.MalwareScanTest" tests="10" failures="0" timestamp="19 Feb 2024 03:30:01 GMT" time="473.381" errors="0">
  <testcase name="omnicontrols_11" time="63.023" classname="Malware.WebApplication.MalwareScanTest"/>
  <testcase name="elevetco_3" time="32.989" classname="Malware.WebApplication.MalwareScanTest"/>
  <testcase name="ecosolv_2" time="13.042" classname="Malware.WebApplication.MalwareScanTest"/>
  <testcase name="ranchero_7" time="160.152" classname="Malware.WebApplication.MalwareScanTest"/>
  <testcase name="westernfire_9" time="29.212" classname="Malware.WebApplication.MalwareScanTest"/>
  <testcase name="aggrid_1" time="30.877" classname="Malware.WebApplication.MalwareScanTest"/>
  <testcase name="michigan_6" time="24.665" classname="Malware.WebApplication.MalwareScanTest"/>
  <testcase name="epikso_11" time="24.066" classname="Malware.WebApplication.MalwareScanTest"/>
  <testcase name="georgiayardbarns_4" time="58.250" classname="Malware.WebApplication.MalwareScanTest"/>
  <testcase name="jmccormick_5" time="37.105" classname="Malware.WebApplication.MalwareScanTest"/>
</testsuite> <!-- Malware.WebApplication.MalwareScanTest -->
