<?xml version="1.0" encoding="UTF-8"?>
<!-- Generated by org.testng.reporters.JUnitReportReporter -->
<testsuite hostname="DESKTOP-AAST417" name="Malware.WebApplication.MalwareScantest1" tests="3" failures="0" timestamp="19 Feb 2024 03:30:01 GMT" time="105.726" errors="0">
  <testcase name="losrancherossupermarket_12" time="42.298" classname="Malware.WebApplication.MalwareScantest1"/>
  <testcase name="superiorconstructiononline_14" time="32.230" classname="Malware.WebApplication.MalwareScantest1"/>
  <testcase name="omnicontrols_13" time="31.198" classname="Malware.WebApplication.MalwareScantest1"/>
</testsuite> <!-- Malware.WebApplication.MalwareScantest1 -->
