<?xml version="1.0" encoding="UTF-8"?>
<!-- Generated by org.testng.reporters.JUnitReportReporter -->
<testsuite hostname="DESKTOP-AAST417" name="Malware.WebApplication.Malwarescantest2" tests="17" failures="0" timestamp="19 Feb 2024 03:30:01 GMT" time="783.393" errors="0">
  <testcase name="seedconsultation_16" time="52.329" classname="Malware.WebApplication.Malwarescantest2"/>
  <testcase name="capsnecks_20" time="30.646" classname="Malware.WebApplication.Malwarescantest2"/>
  <testcase name="riseSeafood_27" time="100.603" classname="Malware.WebApplication.Malwarescantest2"/>
  <testcase name="startupcompanycounsel_18" time="28.348" classname="Malware.WebApplication.Malwarescantest2"/>
  <testcase name="hubblefly_22" time="49.947" classname="Malware.WebApplication.Malwarescantest2"/>
  <testcase name="biowins_35" time="53.239" classname="Malware.WebApplication.Malwarescantest2"/>
  <testcase name="visitor_25" time="43.373" classname="Malware.WebApplication.Malwarescantest2"/>
  <testcase name="ameritexflags_21" time="38.692" classname="Malware.WebApplication.Malwarescantest2"/>
  <testcase name="utilitycollab_32" time="36.564" classname="Malware.WebApplication.Malwarescantest2"/>
  <testcase name="losrancherossupermarket_33" time="31.524" classname="Malware.WebApplication.Malwarescantest2"/>
  <testcase name="thedronedestination_23" time="62.289" classname="Malware.WebApplication.Malwarescantest2"/>
  <testcase name="browning_15" time="34.457" classname="Malware.WebApplication.Malwarescantest2"/>
  <testcase name="omnicontrols_24" time="46.337" classname="Malware.WebApplication.Malwarescantest2"/>
  <testcase name="kaurfilms_19" time="43.603" classname="Malware.WebApplication.Malwarescantest2"/>
  <testcase name="emtracsystems_29" time="79.998" classname="Malware.WebApplication.Malwarescantest2"/>
  <testcase name="powerjetparts_34" time="22.853" classname="Malware.WebApplication.Malwarescantest2"/>
  <testcase name="rancherocatering_30" time="28.591" classname="Malware.WebApplication.Malwarescantest2"/>
</testsuite> <!-- Malware.WebApplication.Malwarescantest2 -->
